[21/02/2013 18:16:20] [ INFO] {OpconExec.java->showInitProcess} &&&&&&&&&&&&&&&&&&&&&&&&&&&&&&&&&&&&&&&&&&&&&&&&&
[21/02/2013 18:16:20] [ INFO] {OpconExec.java->showInitProcess} Inicio do Processamento
[21/02/2013 18:16:20] [DEBUG] {OpconConfig.java->logProperties} %%%%%%%%%%%%%%%%%%%%%%%%%%%
[21/02/2013 18:16:20] [DEBUG] {OpconConfig.java->logProperties} OpconConfig properties:
{integration.dir=${integration.dir}, nome.conexao.teste.0=CARDCON01, -----------------------------------------=, connectionfile.0=/root/git/card/card/card-job/card-job-j01/src/main/resources/db/Connection-CARD.xml, frequency=DIA, fase.1=br.com.bancoamazonia.integracao.card.job.j01.Fase1, fase.0=br.com.bancoamazonia.integracao.card.job.j01.Fase0, msgindir=F:\opcon\msgindir, tokenname=D-CARD-J01-Fase}
[21/02/2013 18:16:20] [DEBUG] {OpconConfig.java->logProperties} %%%%%%%%%%%%%%%%%%%%%%%%%%%
[21/02/2013 18:16:20] [DEBUG] {ConexaoFactoryProvider.java->carregar} ========= Carregando conexoes =========
[21/02/2013 18:16:20] [DEBUG] {ConexaoFactoryProvider.java->logConexao} ================================
[21/02/2013 18:16:20] [DEBUG] {ConexaoFactoryProvider.java->logConexao} DNS da Conexão: CARDCON01
[21/02/2013 18:16:20] [DEBUG] {ConexaoFactoryProvider.java->logConexao} Base de Dados: sqlserver
[21/02/2013 18:16:20] [DEBUG] {ConexaoFactoryProvider.java->logConexao} Driver: net.sourceforge.jtds.jdbc.Driver
[21/02/2013 18:16:20] [DEBUG] {ConexaoFactoryProvider.java->logConexao} URL: jdbc:jtds:sqlserver://localhost:49733/pd_card;domain=BASA;useNTLMv2=true;
[21/02/2013 18:16:20] [DEBUG] {ConexaoFactoryProvider.java->logConexao} Usuário: 7485
[21/02/2013 18:16:20] [DEBUG] {ConexaoFactoryProvider.java->logConexao} PWD: N5MGbGKYRs/okxg956wgag==
[21/02/2013 18:16:20] [DEBUG] {ConexaoFactoryProvider.java->carregar} ========= Conexoes carregadas com sucesso =========
[21/02/2013 18:16:20] [DEBUG] {OpconExec.java->logSystemProperties} &&&&&&&&&&&&&&&&&&&&&&&&&&&&&&&&&&&&&&&&&&&&&&&&&
[21/02/2013 18:16:20] [DEBUG] {OpconExec.java->logSystemProperties} System properties:
java.runtime.name=Java(TM) SE Runtime Environment
exec.mainClass=br.com.bancoamazonia.integracao.opcon.OpconExec
sun.boot.library.path=/usr/lib/jvm/java-7-oracle/jre/lib/amd64
java.vm.version=23.7-b01
java.vm.vendor=Oracle Corporation
java.vendor.url=http://java.oracle.com/
guice.disable.misplaced.annotation.check=true
path.separator=:
java.vm.name=Java HotSpot(TM) 64-Bit Server VM
file.encoding.pkg=sun.io
user.country=US
sun.java.launcher=SUN_STANDARD
sun.os.patch.level=unknown
java.vm.specification.name=Java Virtual Machine Specification
user.dir=/root/git/card/card/card-job/card-job-j01
java.runtime.version=1.7.0_13-b20
java.awt.graphicsenv=sun.awt.X11GraphicsEnvironment
java.endorsed.dirs=/usr/lib/jvm/java-7-oracle/jre/lib/endorsed
os.arch=amd64
java.io.tmpdir=/tmp
line.separator=

java.vm.specification.vendor=Oracle Corporation
os.name=Linux
classworlds.conf=/media/D/dev/workspace/.metadata/.plugins/org.eclipse.m2e.core/launches/m2conf828639513960880863.tmp
sun.jnu.encoding=UTF-8
java.library.path=/usr/java/packages/lib/amd64:/usr/lib64:/lib64:/lib:/usr/lib
java.specification.name=Java Platform API Specification
java.class.version=51.0
sun.management.compiler=HotSpot 64-Bit Tiered Compilers
os.version=3.2.0-37-generic
user.home=/root
user.timezone=America/Belem
java.awt.printerjob=sun.print.PSPrinterJob
file.encoding=UTF-8
java.specification.version=1.7
java.class.path=/media/D/dev/springsource_64/sts-3.1.0.RELEASE/configuration/org.eclipse.osgi/bundles/569/1/.cp/jars/plexus-classworlds-2.4.jar
user.name=root
java.vm.specification.version=1.7
sun.java.command=org.codehaus.plexus.classworlds.launcher.Launcher -Pdesenvolvimento -B exec:java -Dexec.mainClass=br.com.bancoamazonia.integracao.opcon.OpconExec -Dexec.args=0 -e
java.home=/usr/lib/jvm/java-7-oracle/jre
sun.arch.data.model=64
user.language=en
java.specification.vendor=Oracle Corporation
awt.toolkit=sun.awt.X11.XToolkit
java.vm.info=mixed mode
java.version=1.7.0_13
securerandom.source=file:/dev/./urandom
java.ext.dirs=/usr/lib/jvm/java-7-oracle/jre/lib/ext:/usr/java/packages/lib/ext
sun.boot.class.path=/usr/lib/jvm/java-7-oracle/jre/lib/resources.jar:/usr/lib/jvm/java-7-oracle/jre/lib/rt.jar:/usr/lib/jvm/java-7-oracle/jre/lib/sunrsasign.jar:/usr/lib/jvm/java-7-oracle/jre/lib/jsse.jar:/usr/lib/jvm/java-7-oracle/jre/lib/jce.jar:/usr/lib/jvm/java-7-oracle/jre/lib/charsets.jar:/usr/lib/jvm/java-7-oracle/jre/lib/jfr.jar:/usr/lib/jvm/java-7-oracle/jre/classes
java.vendor=Oracle Corporation
maven.home=/root/git/card/card/card-job/card-job-j01/EMBEDDED
file.separator=/
java.vendor.url.bug=http://bugreport.sun.com/bugreport/
sun.io.unicode.encoding=UnicodeLittle
sun.cpu.endian=little
exec.args=0
sun.cpu.isalist=

[21/02/2013 18:16:20] [DEBUG] {OpconExec.java->logSystemProperties} Default locale: en_US
[21/02/2013 18:16:20] [ERROR] {OpconExec.java->getSystemInfo} Erro ao executar comando "systeminfo"
java.io.IOException: Cannot run program "systeminfo" (in directory "."): error=2, No such file or directory
	at java.lang.ProcessBuilder.start(ProcessBuilder.java:1029)
	at br.com.bancoamazonia.integracao.opcon.OpconExec.getSystemInfo(OpconExec.java:285)
	at br.com.bancoamazonia.integracao.opcon.OpconExec.logSystemProperties(OpconExec.java:275)
	at br.com.bancoamazonia.integracao.opcon.OpconExec.main(OpconExec.java:308)
	at sun.reflect.NativeMethodAccessorImpl.invoke0(Native Method)
	at sun.reflect.NativeMethodAccessorImpl.invoke(NativeMethodAccessorImpl.java:57)
	at sun.reflect.DelegatingMethodAccessorImpl.invoke(DelegatingMethodAccessorImpl.java:43)
	at java.lang.reflect.Method.invoke(Method.java:601)
	at org.codehaus.mojo.exec.ExecJavaMojo$1.run(ExecJavaMojo.java:297)
	at java.lang.Thread.run(Thread.java:722)
Caused by: java.io.IOException: error=2, No such file or directory
	at java.lang.UNIXProcess.forkAndExec(Native Method)
	at java.lang.UNIXProcess.<init>(UNIXProcess.java:135)
	at java.lang.ProcessImpl.start(ProcessImpl.java:130)
	at java.lang.ProcessBuilder.start(ProcessBuilder.java:1021)
	... 9 more
[21/02/2013 18:16:20] [DEBUG] {OpconExec.java->logSystemProperties} System info:
null
[21/02/2013 18:16:20] [DEBUG] {OpconExec.java->logSystemProperties} &&&&&&&&&&&&&&&&&&&&&&&&&&&&&&&&&&&&&&&&&&&&&&&&&
[21/02/2013 18:16:20] [DEBUG] {OpconExec.java->testarConexoes} Executando testes de conexão a banco de dados
[21/02/2013 18:16:20] [DEBUG] {OpconExec.java->testarConexoes} Conexão 'CARDCON01' encontrada com sucesso
[21/02/2013 18:16:20] [DEBUG] {Conexao.java->abrirConexao} Tentando abrir conexão 'CARDCON01'. (Driver: net.sourceforge.jtds.jdbc.Driver) (Url: jdbc:jtds:sqlserver://localhost:49733/pd_card;domain=BASA;useNTLMv2=true;) (Usuário: 7485)
[21/02/2013 18:16:20] [DEBUG] {OpconExec.java->testarConexoes} Erro ao tentar abrir conexão 'CARDCON01'!
[21/02/2013 18:16:20] [ERROR] {OpconExec.java->exec} 
br.com.bancoamazonia.integracao.opcon.OpconException: Falha no teste da conexão 'CARDCON01'. Erro ao abrir conexão
	at br.com.bancoamazonia.integracao.opcon.OpconExec.testarConexoes(OpconExec.java:173)
	at br.com.bancoamazonia.integracao.opcon.OpconExec.exec(OpconExec.java:130)
	at br.com.bancoamazonia.integracao.opcon.OpconExec.main(OpconExec.java:309)
	at sun.reflect.NativeMethodAccessorImpl.invoke0(Native Method)
	at sun.reflect.NativeMethodAccessorImpl.invoke(NativeMethodAccessorImpl.java:57)
	at sun.reflect.DelegatingMethodAccessorImpl.invoke(DelegatingMethodAccessorImpl.java:43)
	at java.lang.reflect.Method.invoke(Method.java:601)
	at org.codehaus.mojo.exec.ExecJavaMojo$1.run(ExecJavaMojo.java:297)
	at java.lang.Thread.run(Thread.java:722)
Caused by: br.com.bancoamazonia.integracao.base.BaseDadosException: Erro de SQL
	at br.com.bancoamazonia.integracao.base.Conexao.abrirConexao(Conexao.java:159)
	at br.com.bancoamazonia.integracao.opcon.OpconExec.testarConexoes(OpconExec.java:166)
	... 8 more
Caused by: java.sql.SQLException: Network error IOException: Connection refused
	at net.sourceforge.jtds.jdbc.ConnectionJDBC2.<init>(ConnectionJDBC2.java:395)
	at net.sourceforge.jtds.jdbc.ConnectionJDBC3.<init>(ConnectionJDBC3.java:50)
	at net.sourceforge.jtds.jdbc.Driver.connect(Driver.java:184)
	at java.sql.DriverManager.getConnection(DriverManager.java:579)
	at java.sql.DriverManager.getConnection(DriverManager.java:221)
	at br.com.bancoamazonia.integracao.base.Conexao.abrirConexao(Conexao.java:151)
	... 9 more
Caused by: java.net.ConnectException: Connection refused
	at java.net.PlainSocketImpl.socketConnect(Native Method)
	at java.net.AbstractPlainSocketImpl.doConnect(AbstractPlainSocketImpl.java:339)
	at java.net.AbstractPlainSocketImpl.connectToAddress(AbstractPlainSocketImpl.java:200)
	at java.net.AbstractPlainSocketImpl.connect(AbstractPlainSocketImpl.java:182)
	at java.net.SocksSocketImpl.connect(SocksSocketImpl.java:391)
	at java.net.Socket.connect(Socket.java:579)
	at sun.reflect.NativeMethodAccessorImpl.invoke0(Native Method)
	at sun.reflect.NativeMethodAccessorImpl.invoke(NativeMethodAccessorImpl.java:57)
	at sun.reflect.DelegatingMethodAccessorImpl.invoke(DelegatingMethodAccessorImpl.java:43)
	at java.lang.reflect.Method.invoke(Method.java:601)
	at net.sourceforge.jtds.jdbc.SharedSocket.createSocketForJDBC3(SharedSocket.java:305)
	at net.sourceforge.jtds.jdbc.SharedSocket.<init>(SharedSocket.java:255)
	at net.sourceforge.jtds.jdbc.ConnectionJDBC2.<init>(ConnectionJDBC2.java:323)
	... 14 more
[21/02/2013 18:16:20] [ INFO] {OpconExec.java->showEndProcessError} Erro na execução do job. Código de erro: -9 [Falha no teste da conexão 'CARDCON01'. Erro ao abrir conexão]
[21/02/2013 18:16:20] [ INFO] {OpconExec.java->showEndProcessError} Processamento finalizado com problemas
[21/02/2013 18:16:20] [ INFO] {OpconExec.java->showEndProcessError} &&&&&&&&&&&&&&&&&&&&&&&&&&&&&&&&&&&&&&&&&&&&&&&&&
